<?xml version="1.0" encoding="UTF-8"?>
<testng-results skipped="0" failed="0" total="1" passed="1">
  <reporter-output>
  </reporter-output>
  <suite name="Suite" duration-ms="15" started-at="2017-04-25T18:30:54Z" finished-at="2017-04-25T18:30:54Z">
    <groups>
    </groups>
    <test name="Test" duration-ms="15" started-at="2017-04-25T18:30:54Z" finished-at="2017-04-25T18:30:54Z">
      <class name="TestNGJenkins">
        <test-method status="PASS" signature="jenkins_TestNg()[pri:0, instance:TestNGJenkins@24273305]" name="jenkins_TestNg" duration-ms="15" started-at="2017-04-25T13:30:54Z" finished-at="2017-04-25T13:30:54Z">
          <reporter-output>
          </reporter-output>
        </test-method> <!-- jenkins_TestNg -->
      </class> <!-- TestNGJenkins -->
    </test> <!-- Test -->
  </suite> <!-- Suite -->
</testng-results>
